TN:
SF:knexfile.js
FNF:0
FNH:0
DA:5,1
DA:6,1
DA:8,0
LF:3
LH:2
BRDA:5,0,0,1
BRDA:5,0,1,0
BRF:2
BRH:1
end_of_record
TN:
SF:src\auth\index.js
FNF:0
FNH:0
LF:0
LH:0
BRF:0
BRH:0
end_of_record
TN:
SF:src\auth\jwt.js
FN:4,getJwtSecret
FN:12,signToken
FN:16,verifyToken
FN:25,createAccessToken
FN:37,createRefreshToken
FNF:5
FNH:4
FNDA:28,getJwtSecret
FNDA:0,signToken
FNDA:22,verifyToken
FNDA:3,createAccessToken
FNDA:3,createRefreshToken
DA:5,28
DA:6,28
DA:7,0
DA:9,28
DA:13,0
DA:17,22
DA:18,22
DA:20,0
DA:26,3
DA:38,3
LF:10
LH:7
BRDA:6,0,0,0
BRDA:6,0,1,28
BRDA:12,1,0,0
BRF:3
BRH:1
end_of_record
TN:
SF:src\auth\middleware.js
FN:4,createAuthMiddleware
FN:7,authenticate
FNF:2
FNH:2
FNDA:2,createAuthMiddleware
FNDA:27,authenticate
DA:5,2
DA:7,2
DA:8,27
DA:10,27
DA:11,5
DA:14,22
DA:15,22
DA:17,22
DA:18,0
DA:22,22
DA:24,0
DA:25,0
DA:29,0
DA:34,0
DA:35,0
DA:39,0
LF:16
LH:9
BRDA:10,0,0,5
BRDA:10,0,1,22
BRDA:10,1,0,27
BRDA:10,1,1,22
BRDA:17,2,0,0
BRDA:17,2,1,22
BRDA:17,3,0,22
BRDA:17,3,1,22
BRDA:24,4,0,0
BRDA:24,4,1,0
BRDA:34,5,0,0
BRDA:34,5,1,0
BRF:12
BRH:7
end_of_record
TN:
SF:src\auth\password.js
FN:3,hashPassword
FN:7,verifyPassword
FNF:2
FNH:1
FNDA:3,hashPassword
FNDA:0,verifyPassword
DA:4,3
DA:8,0
LF:2
LH:1
BRF:0
BRH:0
end_of_record
TN:
SF:src\auth\controllers\authController.js
FN:5,(anonymous_0)
FN:10,(anonymous_1)
FN:28,(anonymous_2)
FN:46,(anonymous_3)
FN:61,(anonymous_4)
FN:70,(anonymous_5)
FN:80,(anonymous_6)
FN:99,(anonymous_7)
FN:118,(anonymous_8)
FN:137,(anonymous_9)
FN:155,(anonymous_10)
FNF:11
FNH:2
FNDA:1,(anonymous_0)
FNDA:39,(anonymous_1)
FNDA:0,(anonymous_2)
FNDA:0,(anonymous_3)
FNDA:0,(anonymous_4)
FNDA:0,(anonymous_5)
FNDA:0,(anonymous_6)
FNDA:0,(anonymous_7)
FNDA:0,(anonymous_8)
FNDA:0,(anonymous_9)
FNDA:0,(anonymous_10)
DA:6,1
DA:7,1
DA:11,39
DA:12,39
DA:14,39
DA:15,0
DA:18,39
DA:19,3
DA:21,36
DA:22,36
DA:24,0
DA:29,0
DA:30,0
DA:32,0
DA:33,0
DA:36,0
DA:37,0
DA:39,0
DA:40,0
DA:42,0
DA:47,0
DA:48,0
DA:50,0
DA:51,0
DA:54,0
DA:55,0
DA:57,0
DA:62,0
DA:63,0
DA:64,0
DA:66,0
DA:71,0
DA:72,0
DA:73,0
DA:75,0
DA:81,0
DA:82,0
DA:83,0
DA:86,0
DA:88,0
DA:89,0
DA:94,0
DA:95,0
DA:100,0
DA:101,0
DA:102,0
DA:104,0
DA:113,0
DA:114,0
DA:119,0
DA:120,0
DA:121,0
DA:124,0
DA:125,0
DA:128,0
DA:129,0
DA:131,0
DA:132,0
DA:138,0
DA:139,0
DA:140,0
DA:143,0
DA:148,0
DA:149,0
DA:156,0
DA:157,0
DA:158,0
DA:160,0
DA:164,0
DA:165,0
LF:70
LH:9
BRDA:14,0,0,0
BRDA:14,0,1,39
BRDA:14,1,0,39
BRDA:14,1,1,39
BRDA:21,2,0,36
BRDA:21,2,1,0
BRDA:32,3,0,0
BRDA:32,3,1,0
BRDA:32,4,0,0
BRDA:32,4,1,0
BRDA:39,5,0,0
BRDA:39,5,1,0
BRDA:50,6,0,0
BRDA:50,6,1,0
BRDA:86,7,0,0
BRDA:86,7,1,0
BRDA:94,8,0,0
BRDA:94,8,1,0
BRDA:113,9,0,0
BRDA:113,9,1,0
BRDA:113,10,0,0
BRDA:113,10,1,0
BRDA:124,11,0,0
BRDA:124,11,1,0
BRDA:131,12,0,0
BRDA:131,12,1,0
BRDA:164,13,0,0
BRDA:164,13,1,0
BRDA:164,14,0,0
BRDA:164,14,1,0
BRF:30
BRH:4
end_of_record
TN:
SF:src\auth\controllers\userController.js
FN:4,(anonymous_0)
FN:8,(anonymous_1)
FN:20,(anonymous_2)
FN:46,(anonymous_3)
FN:59,(anonymous_4)
FN:76,(anonymous_5)
FN:90,(anonymous_6)
FN:103,(anonymous_7)
FN:115,(anonymous_8)
FN:135,(anonymous_9)
FNF:10
FNH:1
FNDA:1,(anonymous_0)
FNDA:0,(anonymous_1)
FNDA:0,(anonymous_2)
FNDA:0,(anonymous_3)
FNDA:0,(anonymous_4)
FNDA:0,(anonymous_5)
FNDA:0,(anonymous_6)
FNDA:0,(anonymous_7)
FNDA:0,(anonymous_8)
FNDA:0,(anonymous_9)
DA:5,1
DA:9,0
DA:10,0
DA:11,0
DA:13,0
DA:14,0
DA:16,0
DA:21,0
DA:22,0
DA:25,0
DA:26,0
DA:29,0
DA:30,0
DA:33,0
DA:34,0
DA:39,0
DA:40,0
DA:42,0
DA:47,0
DA:48,0
DA:49,0
DA:51,0
DA:52,0
DA:54,0
DA:60,0
DA:61,0
DA:62,0
DA:64,0
DA:72,0
DA:77,0
DA:78,0
DA:79,0
DA:81,0
DA:86,0
DA:91,0
DA:92,0
DA:93,0
DA:95,0
DA:96,0
DA:98,0
DA:104,0
DA:105,0
DA:106,0
DA:108,0
DA:109,0
DA:111,0
DA:116,0
DA:117,0
DA:118,0
DA:120,0
DA:125,0
DA:126,0
DA:128,0
DA:129,0
DA:131,0
DA:136,0
DA:137,0
DA:140,0
DA:141,0
DA:142,0
DA:145,0
DA:147,0
DA:152,0
DA:153,0
DA:155,0
DA:156,0
DA:158,0
LF:67
LH:1
BRDA:13,0,0,0
BRDA:13,0,1,0
BRDA:25,1,0,0
BRDA:25,1,1,0
BRDA:25,2,0,0
BRDA:25,2,1,0
BRDA:29,3,0,0
BRDA:29,3,1,0
BRDA:29,4,0,0
BRDA:29,4,1,0
BRDA:39,5,0,0
BRDA:39,5,1,0
BRDA:39,6,0,0
BRDA:39,6,1,0
BRDA:51,7,0,0
BRDA:51,7,1,0
BRDA:61,8,0,0
BRDA:78,9,0,0
BRDA:95,10,0,0
BRDA:95,10,1,0
BRDA:108,11,0,0
BRDA:108,11,1,0
BRDA:125,12,0,0
BRDA:125,12,1,0
BRDA:128,13,0,0
BRDA:128,13,1,0
BRDA:128,14,0,0
BRDA:128,14,1,0
BRDA:141,15,0,0
BRDA:141,15,1,0
BRDA:141,16,0,0
BRDA:141,16,1,0
BRDA:152,17,0,0
BRDA:152,17,1,0
BRDA:155,18,0,0
BRDA:155,18,1,0
BRDA:155,19,0,0
BRDA:155,19,1,0
BRF:38
BRH:0
end_of_record
TN:
SF:src\auth\routes\emailVerification.js
FN:3,emailVerificationRoutes
FNF:1
FNH:1
FNDA:1,emailVerificationRoutes
DA:5,1
DA:36,1
DA:72,1
LF:3
LH:3
BRF:0
BRH:0
end_of_record
TN:
SF:src\auth\routes\index.js
FN:14,authRoutes
FNF:1
FNH:1
FNDA:1,authRoutes
DA:15,1
DA:16,1
DA:17,1
DA:20,1
DA:21,1
DA:22,1
DA:23,1
DA:24,1
DA:25,1
DA:26,1
DA:27,1
DA:28,1
LF:12
LH:12
BRF:0
BRH:0
end_of_record
TN:
SF:src\auth\routes\login.js
FN:3,loginRoutes
FNF:1
FNH:1
FNDA:1,loginRoutes
DA:4,1
LF:1
LH:1
BRF:0
BRH:0
end_of_record
TN:
SF:src\auth\routes\logout.js
FN:3,logoutRoutes
FNF:1
FNH:1
FNDA:1,logoutRoutes
DA:4,1
DA:17,1
LF:2
LH:2
BRF:0
BRH:0
end_of_record
TN:
SF:src\auth\routes\onboarding.js
FN:4,onboardingRoutes
FNF:1
FNH:1
FNDA:1,onboardingRoutes
DA:6,1
DA:40,1
DA:78,1
LF:3
LH:3
BRF:0
BRH:0
end_of_record
TN:
SF:src\auth\routes\passwordReset.js
FN:3,passwordResetRoutes
FNF:1
FNH:1
FNDA:1,passwordResetRoutes
DA:5,1
DA:34,1
LF:2
LH:2
BRF:0
BRH:0
end_of_record
TN:
SF:src\auth\routes\profile.js
FN:4,profileRoutes
FNF:1
FNH:1
FNDA:1,profileRoutes
DA:6,1
DA:20,1
LF:2
LH:2
BRF:0
BRH:0
end_of_record
TN:
SF:src\auth\routes\refresh.js
FN:3,refreshRoutes
FNF:1
FNH:1
FNDA:1,refreshRoutes
DA:4,1
LF:1
LH:1
BRF:0
BRH:0
end_of_record
TN:
SF:src\auth\routes\register.js
FN:3,registerRoutes
FNF:1
FNH:1
FNDA:1,registerRoutes
DA:4,1
LF:1
LH:1
BRF:0
BRH:0
end_of_record
TN:
SF:src\auth\routes\roleManagement.js
FN:3,roleManagementRoutes
FNF:1
FNH:1
FNDA:1,roleManagementRoutes
DA:5,1
DA:42,1
DA:85,1
LF:3
LH:3
BRF:0
BRH:0
end_of_record
TN:
SF:src\auth\schemas\authSchemas.js
FNF:0
FNH:0
DA:1,1
DA:9,1
DA:46,1
DA:53,1
DA:61,1
DA:103,1
DA:110,1
DA:118,1
LF:8
LH:8
BRF:0
BRH:0
end_of_record
TN:
SF:src\auth\schemas\index.js
FNF:0
FNH:0
LF:0
LH:0
BRF:0
BRH:0
end_of_record
TN:
SF:src\auth\schemas\userSchemas.js
FNF:0
FNH:0
DA:1,1
DA:40,1
DA:58,1
LF:3
LH:3
BRF:0
BRH:0
end_of_record
TN:
SF:src\auth\services\authService.js
FN:8,(anonymous_0)
FN:13,(anonymous_1)
FN:66,(anonymous_2)
FN:102,(anonymous_3)
FN:131,(anonymous_4)
FN:135,(anonymous_5)
FN:140,(anonymous_6)
FN:181,(anonymous_7)
FN:218,(anonymous_8)
FN:259,(anonymous_9)
FNF:10
FNH:2
FNDA:1,(anonymous_0)
FNDA:39,(anonymous_1)
FNDA:0,(anonymous_2)
FNDA:0,(anonymous_3)
FNDA:0,(anonymous_4)
FNDA:0,(anonymous_5)
FNDA:0,(anonymous_6)
FNDA:0,(anonymous_7)
FNDA:0,(anonymous_8)
FNDA:0,(anonymous_9)
DA:9,1
DA:10,1
DA:15,39
DA:18,39
DA:19,39
DA:20,36
DA:24,3
DA:25,3
DA:41,3
DA:42,3
DA:43,3
DA:45,3
DA:68,0
DA:71,0
DA:72,0
DA:73,0
DA:77,0
DA:78,0
DA:79,0
DA:81,0
DA:103,0
DA:104,0
DA:107,0
DA:108,0
DA:109,0
DA:112,0
DA:113,0
DA:114,0
DA:118,0
DA:121,0
DA:122,0
DA:123,0
DA:125,0
DA:132,0
DA:136,0
DA:142,0
DA:143,0
DA:144,0
DA:147,0
DA:148,0
DA:152,0
DA:153,0
DA:156,0
DA:157,0
DA:163,0
DA:164,0
DA:165,0
DA:168,0
DA:176,0
DA:177,0
DA:182,0
DA:183,0
DA:184,0
DA:185,0
DA:189,0
DA:190,0
DA:191,0
DA:195,0
DA:205,0
DA:207,0
DA:213,0
DA:220,0
DA:223,0
DA:224,0
DA:226,0
DA:230,0
DA:231,0
DA:234,0
DA:235,0
DA:241,0
DA:242,0
DA:243,0
DA:246,0
DA:253,0
DA:255,0
DA:260,0
DA:261,0
DA:262,0
DA:263,0
DA:267,0
DA:268,0
DA:269,0
DA:273,0
DA:276,0
DA:284,0
DA:287,0
DA:288,0
DA:290,0
DA:292,0
LF:89
LH:12
BRDA:19,0,0,36
BRDA:19,0,1,3
BRDA:51,1,0,3
BRDA:51,1,1,0
BRDA:52,2,0,3
BRDA:52,2,1,0
BRDA:54,3,0,3
BRDA:54,3,1,3
BRDA:55,4,0,3
BRDA:55,4,1,3
BRDA:72,5,0,0
BRDA:72,5,1,0
BRDA:72,6,0,0
BRDA:72,6,1,0
BRDA:87,7,0,0
BRDA:87,7,1,0
BRDA:88,8,0,0
BRDA:88,8,1,0
BRDA:90,9,0,0
BRDA:90,9,1,0
BRDA:91,10,0,0
BRDA:91,10,1,0
BRDA:103,11,0,0
BRDA:103,11,1,0
BRDA:108,12,0,0
BRDA:108,12,1,0
BRDA:108,13,0,0
BRDA:108,13,1,0
BRDA:113,14,0,0
BRDA:113,14,1,0
BRDA:143,15,0,0
BRDA:143,15,1,0
BRDA:147,16,0,0
BRDA:147,16,1,0
BRDA:147,17,0,0
BRDA:147,17,1,0
BRDA:160,18,0,0
BRDA:160,18,1,0
BRDA:164,19,0,0
BRDA:164,19,1,0
BRDA:173,20,0,0
BRDA:173,20,1,0
BRDA:184,21,0,0
BRDA:184,21,1,0
BRDA:184,22,0,0
BRDA:184,22,1,0
BRDA:190,23,0,0
BRDA:190,23,1,0
BRDA:200,24,0,0
BRDA:200,24,1,0
BRDA:224,25,0,0
BRDA:224,25,1,0
BRDA:238,26,0,0
BRDA:238,26,1,0
BRDA:242,27,0,0
BRDA:242,27,1,0
BRDA:250,28,0,0
BRDA:250,28,1,0
BRDA:262,29,0,0
BRDA:262,29,1,0
BRDA:262,30,0,0
BRDA:262,30,1,0
BRDA:268,31,0,0
BRDA:268,31,1,0
BRF:64
BRH:8
end_of_record
TN:
SF:src\auth\services\tokenService.js
FN:5,(anonymous_0)
FN:9,(anonymous_1)
FN:13,(anonymous_2)
FN:39,(anonymous_3)
FN:60,(anonymous_4)
FN:66,(anonymous_5)
FN:74,(anonymous_6)
FN:81,(anonymous_7)
FN:96,(anonymous_8)
FN:121,(anonymous_9)
FN:140,(anonymous_10)
FNF:11
FNH:4
FNDA:4,(anonymous_0)
FNDA:6,(anonymous_1)
FNDA:3,(anonymous_2)
FNDA:22,(anonymous_3)
FNDA:0,(anonymous_4)
FNDA:0,(anonymous_5)
FNDA:0,(anonymous_6)
FNDA:0,(anonymous_7)
FNDA:0,(anonymous_8)
FNDA:0,(anonymous_9)
FNDA:0,(anonymous_10)
DA:6,4
DA:10,6
DA:14,3
DA:15,3
DA:17,3
DA:18,3
DA:21,3
DA:36,3
DA:40,22
DA:49,0
DA:50,0
DA:53,0
DA:61,0
DA:67,0
DA:68,0
DA:69,0
DA:71,0
DA:75,0
DA:82,0
DA:83,0
DA:85,0
DA:93,0
DA:97,0
DA:106,0
DA:107,0
DA:110,0
DA:112,0
DA:122,0
DA:123,0
DA:126,0
DA:127,0
DA:129,0
DA:137,0
DA:141,0
DA:150,0
DA:151,0
DA:154,0
DA:156,0
LF:38
LH:9
BRDA:39,0,0,0
BRDA:49,1,0,0
BRDA:49,1,1,0
BRDA:66,2,0,0
BRDA:68,3,0,0
BRDA:68,3,1,0
BRDA:106,4,0,0
BRDA:106,4,1,0
BRDA:110,5,0,0
BRDA:110,5,1,0
BRDA:122,6,0,0
BRDA:122,6,1,0
BRDA:150,7,0,0
BRDA:150,7,1,0
BRDA:154,8,0,0
BRDA:154,8,1,0
BRF:16
BRH:0
end_of_record
TN:
SF:src\auth\services\userService.js
FN:4,(anonymous_0)
FN:8,(anonymous_1)
FN:41,(anonymous_2)
FN:129,(anonymous_3)
FN:140,(anonymous_4)
FN:166,(anonymous_5)
FN:191,(anonymous_6)
FN:226,(anonymous_7)
FN:254,(anonymous_8)
FN:276,(anonymous_9)
FNF:10
FNH:1
FNDA:1,(anonymous_0)
FNDA:0,(anonymous_1)
FNDA:0,(anonymous_2)
FNDA:0,(anonymous_3)
FNDA:0,(anonymous_4)
FNDA:0,(anonymous_5)
FNDA:0,(anonymous_6)
FNDA:0,(anonymous_7)
FNDA:0,(anonymous_8)
FNDA:0,(anonymous_9)
DA:5,1
DA:9,0
DA:18,0
DA:19,0
DA:23,0
DA:55,0
DA:57,0
DA:59,0
DA:61,0
DA:64,0
DA:69,0
DA:70,0
DA:72,0
DA:75,0
DA:76,0
DA:80,0
DA:81,0
DA:82,0
DA:83,0
DA:84,0
DA:85,0
DA:86,0
DA:87,0
DA:88,0
DA:89,0
DA:92,0
DA:93,0
DA:95,0
DA:97,0
DA:106,0
DA:107,0
DA:111,0
DA:130,0
DA:132,0
DA:133,0
DA:136,0
DA:141,0
DA:143,0
DA:144,0
DA:147,0
DA:148,0
DA:150,0
DA:151,0
DA:154,0
DA:155,0
DA:156,0
DA:158,0
DA:167,0
DA:169,0
DA:170,0
DA:174,0
DA:184,0
DA:186,0
DA:192,0
DA:194,0
DA:195,0
DA:196,0
DA:199,0
DA:200,0
DA:201,0
DA:204,0
DA:205,0
DA:206,0
DA:209,0
DA:210,0
DA:211,0
DA:214,0
DA:216,0
DA:227,0
DA:230,0
DA:231,0
DA:234,0
DA:235,0
DA:238,0
DA:239,0
DA:243,0
DA:244,0
DA:247,0
DA:255,0
DA:258,0
DA:260,0
DA:261,0
DA:265,0
DA:269,0
DA:277,0
DA:280,0
DA:281,0
DA:282,0
DA:286,0
DA:287,0
DA:288,0
DA:292,0
DA:296,0
LF:93
LH:1
BRDA:18,0,0,0
BRDA:18,0,1,0
BRDA:28,1,0,0
BRDA:28,1,1,0
BRDA:29,2,0,0
BRDA:29,2,1,0
BRDA:31,3,0,0
BRDA:31,3,1,0
BRDA:32,4,0,0
BRDA:32,4,1,0
BRDA:59,5,0,0
BRDA:59,5,1,0
BRDA:69,6,0,0
BRDA:69,6,1,0
BRDA:75,7,0,0
BRDA:75,7,1,0
BRDA:80,8,0,0
BRDA:80,8,1,0
BRDA:81,9,0,0
BRDA:81,9,1,0
BRDA:82,10,0,0
BRDA:82,10,1,0
BRDA:83,11,0,0
BRDA:83,11,1,0
BRDA:84,12,0,0
BRDA:84,12,1,0
BRDA:85,13,0,0
BRDA:85,13,1,0
BRDA:86,14,0,0
BRDA:86,14,1,0
BRDA:88,15,0,0
BRDA:88,15,1,0
BRDA:92,16,0,0
BRDA:92,16,1,0
BRDA:93,17,0,0
BRDA:93,17,1,0
BRDA:106,18,0,0
BRDA:106,18,1,0
BRDA:116,19,0,0
BRDA:116,19,1,0
BRDA:117,20,0,0
BRDA:117,20,1,0
BRDA:119,21,0,0
BRDA:119,21,1,0
BRDA:120,22,0,0
BRDA:120,22,1,0
BRDA:132,23,0,0
BRDA:132,23,1,0
BRDA:143,24,0,0
BRDA:143,24,1,0
BRDA:150,25,0,0
BRDA:150,25,1,0
BRDA:155,26,0,0
BRDA:155,26,1,0
BRDA:169,27,0,0
BRDA:169,27,1,0
BRDA:176,28,0,0
BRDA:176,28,1,0
BRDA:177,29,0,0
BRDA:177,29,1,0
BRDA:178,30,0,0
BRDA:178,30,1,0
BRDA:179,31,0,0
BRDA:179,31,1,0
BRDA:180,32,0,0
BRDA:180,32,1,0
BRDA:199,33,0,0
BRDA:199,33,1,0
BRDA:199,34,0,0
BRDA:199,34,1,0
BRDA:204,35,0,0
BRDA:204,35,1,0
BRDA:209,36,0,0
BRDA:209,36,1,0
BRDA:218,37,0,0
BRDA:218,37,1,0
BRDA:220,38,0,0
BRDA:220,38,1,0
BRDA:234,39,0,0
BRDA:234,39,1,0
BRDA:234,40,0,0
BRDA:234,40,1,0
BRDA:238,41,0,0
BRDA:238,41,1,0
BRDA:238,42,0,0
BRDA:238,42,1,0
BRDA:243,43,0,0
BRDA:243,43,1,0
BRDA:260,44,0,0
BRDA:260,44,1,0
BRDA:281,45,0,0
BRDA:281,45,1,0
BRDA:286,46,0,0
BRDA:286,46,1,0
BRDA:287,47,0,0
BRDA:287,47,1,0
BRF:96
BRH:0
end_of_record
TN:
SF:src\config\index.js
FN:2,(anonymous_0)
FN:52,(anonymous_1)
FN:58,(anonymous_2)
FN:65,(anonymous_3)
FN:76,(anonymous_4)
FN:83,(anonymous_5)
FNF:6
FNH:4
FNDA:43,(anonymous_0)
FNDA:31,(anonymous_1)
FNDA:6,(anonymous_2)
FNDA:6,(anonymous_3)
FNDA:0,(anonymous_4)
FNDA:0,(anonymous_5)
DA:2,43
DA:51,1
DA:53,31
DA:58,1
DA:59,6
DA:60,6
DA:61,6
DA:65,1
DA:66,6
DA:67,6
DA:69,6
DA:70,6
DA:71,3
DA:72,3
DA:76,1
DA:77,0
DA:78,0
DA:83,0
DA:85,0
DA:86,0
DA:87,0
DA:90,0
DA:91,0
DA:92,0
LF:24
LH:15
BRDA:4,0,0,43
BRDA:4,0,1,0
BRDA:5,1,0,43
BRDA:5,1,1,43
BRDA:15,2,0,43
BRDA:15,2,1,0
BRDA:16,3,0,43
BRDA:16,3,1,0
BRDA:17,4,0,43
BRDA:17,4,1,0
BRDA:18,5,0,43
BRDA:18,5,1,0
BRDA:29,6,0,43
BRDA:29,6,1,0
BRDA:31,7,0,43
BRDA:31,7,1,43
BRDA:36,8,0,43
BRDA:36,8,1,0
BRDA:37,9,0,43
BRDA:37,9,1,0
BRDA:42,10,0,43
BRDA:42,10,1,0
BRDA:43,11,0,43
BRDA:43,11,1,0
BRDA:47,12,0,43
BRDA:47,12,1,43
BRDA:69,13,0,0
BRDA:69,13,1,6
BRDA:70,14,0,3
BRDA:70,14,1,3
BRDA:71,15,0,0
BRDA:71,15,1,3
BRDA:85,16,0,0
BRDA:85,16,1,0
BRF:34
BRH:20
end_of_record
TN:
SF:src\db\connector.js
FN:4,dbConnector
FN:9,(anonymous_1)
FNF:2
FNH:2
FNDA:1,dbConnector
FNDA:1,(anonymous_1)
DA:5,1
DA:6,1
DA:7,1
DA:9,1
DA:10,1
DA:11,1
LF:6
LH:6
BRDA:5,0,0,1
BRDA:5,0,1,0
BRDA:10,1,0,1
BRDA:10,1,1,0
BRF:4
BRH:2
end_of_record
TN:
SF:src\onboarding\controllers\AccountController.js
FN:4,(anonymous_0)
FN:12,(anonymous_1)
FN:33,(anonymous_2)
FN:56,(anonymous_3)
FNF:4
FNH:1
FNDA:1,(anonymous_0)
FNDA:0,(anonymous_1)
FNDA:0,(anonymous_2)
FNDA:0,(anonymous_3)
DA:5,1
DA:13,0
DA:14,0
DA:15,0
DA:17,0
DA:19,0
DA:21,0
DA:22,0
DA:34,0
DA:35,0
DA:37,0
DA:39,0
DA:44,0
DA:45,0
DA:57,0
DA:58,0
DA:60,0
DA:61,0
DA:67,0
DA:69,0
DA:71,0
DA:72,0
LF:22
LH:1
BRDA:24,0,0,0
BRDA:24,0,1,0
BRDA:47,1,0,0
BRDA:47,1,1,0
BRDA:60,2,0,0
BRDA:60,2,1,0
BRF:6
BRH:0
end_of_record
TN:
SF:src\onboarding\controllers\ClubController.js
FN:4,(anonymous_0)
FN:12,(anonymous_1)
FN:32,(anonymous_2)
FN:54,(anonymous_3)
FN:74,(anonymous_4)
FN:94,(anonymous_5)
FN:114,(anonymous_6)
FN:140,(anonymous_7)
FN:161,(anonymous_8)
FNF:9
FNH:1
FNDA:1,(anonymous_0)
FNDA:0,(anonymous_1)
FNDA:0,(anonymous_2)
FNDA:0,(anonymous_3)
FNDA:0,(anonymous_4)
FNDA:0,(anonymous_5)
FNDA:0,(anonymous_6)
FNDA:0,(anonymous_7)
FNDA:0,(anonymous_8)
DA:5,1
DA:13,0
DA:14,0
DA:16,0
DA:18,0
DA:20,0
DA:21,0
DA:33,0
DA:34,0
DA:35,0
DA:36,0
DA:38,0
DA:40,0
DA:42,0
DA:43,0
DA:55,0
DA:56,0
DA:58,0
DA:60,0
DA:62,0
DA:63,0
DA:75,0
DA:76,0
DA:78,0
DA:80,0
DA:82,0
DA:83,0
DA:95,0
DA:96,0
DA:98,0
DA:100,0
DA:102,0
DA:103,0
DA:115,0
DA:116,0
DA:117,0
DA:118,0
DA:120,0
DA:122,0
DA:128,0
DA:129,0
DA:141,0
DA:142,0
DA:143,0
DA:145,0
DA:147,0
DA:149,0
DA:150,0
DA:162,0
DA:163,0
DA:164,0
DA:166,0
DA:168,0
DA:173,0
DA:174,0
LF:55
LH:1
BRDA:45,0,0,0
BRDA:45,0,1,0
BRDA:56,1,0,0
BRDA:56,1,1,0
BRDA:98,2,0,0
BRDA:98,2,1,0
BRDA:131,3,0,0
BRDA:131,3,1,0
BRDA:176,4,0,0
BRDA:176,4,1,0
BRF:10
BRH:0
end_of_record
TN:
SF:src\onboarding\controllers\InviteController.js
FN:4,(anonymous_0)
FN:12,(anonymous_1)
FN:39,(anonymous_2)
FNF:3
FNH:1
FNDA:1,(anonymous_0)
FNDA:0,(anonymous_1)
FNDA:0,(anonymous_2)
DA:5,1
DA:13,0
DA:14,0
DA:16,0
DA:17,0
DA:23,0
DA:25,0
DA:27,0
DA:28,0
DA:40,0
DA:41,0
DA:42,0
DA:44,0
DA:45,0
DA:51,0
DA:53,0
DA:55,0
DA:56,0
LF:18
LH:1
BRDA:16,0,0,0
BRDA:16,0,1,0
BRDA:30,1,0,0
BRDA:30,1,1,0
BRDA:44,2,0,0
BRDA:44,2,1,0
BRDA:58,3,0,0
BRDA:58,3,1,0
BRF:8
BRH:0
end_of_record
TN:
SF:src\onboarding\controllers\OnboardingController.js
FN:4,(anonymous_0)
FN:12,(anonymous_1)
FN:33,(anonymous_2)
FN:54,(anonymous_3)
FN:74,(anonymous_4)
FN:94,(anonymous_5)
FN:118,(anonymous_6)
FN:143,(anonymous_7)
FN:163,(anonymous_8)
FNF:9
FNH:1
FNDA:1,(anonymous_0)
FNDA:0,(anonymous_1)
FNDA:0,(anonymous_2)
FNDA:0,(anonymous_3)
FNDA:0,(anonymous_4)
FNDA:0,(anonymous_5)
FNDA:0,(anonymous_6)
FNDA:0,(anonymous_7)
FNDA:0,(anonymous_8)
DA:5,1
DA:13,0
DA:14,0
DA:15,0
DA:17,0
DA:19,0
DA:21,0
DA:22,0
DA:34,0
DA:35,0
DA:36,0
DA:38,0
DA:40,0
DA:42,0
DA:43,0
DA:55,0
DA:56,0
DA:58,0
DA:60,0
DA:62,0
DA:63,0
DA:75,0
DA:76,0
DA:78,0
DA:80,0
DA:82,0
DA:83,0
DA:95,0
DA:96,0
DA:97,0
DA:99,0
DA:101,0
DA:106,0
DA:107,0
DA:119,0
DA:120,0
DA:121,0
DA:122,0
DA:124,0
DA:126,0
DA:131,0
DA:132,0
DA:144,0
DA:145,0
DA:147,0
DA:149,0
DA:151,0
DA:152,0
DA:164,0
DA:165,0
DA:166,0
DA:168,0
DA:170,0
DA:172,0
DA:173,0
LF:55
LH:1
BRDA:24,0,0,0
BRDA:24,0,1,0
BRDA:45,1,0,0
BRDA:45,1,1,0
BRDA:109,2,0,0
BRDA:109,2,1,0
BRDA:134,3,0,0
BRDA:134,3,1,0
BRDA:145,4,0,0
BRDA:145,4,1,0
BRDA:175,5,0,0
BRDA:175,5,1,0
BRF:12
BRH:0
end_of_record
TN:
SF:src\onboarding\controllers\ProfileController.js
FN:4,(anonymous_0)
FN:12,(anonymous_1)
FN:33,(anonymous_2)
FN:53,(anonymous_3)
FN:74,(anonymous_4)
FN:94,(anonymous_5)
FN:125,(anonymous_6)
FN:145,(anonymous_7)
FNF:8
FNH:1
FNDA:1,(anonymous_0)
FNDA:0,(anonymous_1)
FNDA:0,(anonymous_2)
FNDA:0,(anonymous_3)
FNDA:0,(anonymous_4)
FNDA:0,(anonymous_5)
FNDA:0,(anonymous_6)
FNDA:0,(anonymous_7)
DA:5,1
DA:13,0
DA:14,0
DA:15,0
DA:17,0
DA:19,0
DA:21,0
DA:22,0
DA:34,0
DA:35,0
DA:37,0
DA:39,0
DA:41,0
DA:42,0
DA:54,0
DA:55,0
DA:56,0
DA:58,0
DA:60,0
DA:62,0
DA:63,0
DA:75,0
DA:76,0
DA:78,0
DA:80,0
DA:82,0
DA:83,0
DA:95,0
DA:96,0
DA:100,0
DA:102,0
DA:103,0
DA:109,0
DA:111,0
DA:113,0
DA:114,0
DA:126,0
DA:127,0
DA:129,0
DA:131,0
DA:133,0
DA:134,0
DA:146,0
DA:147,0
DA:148,0
DA:150,0
DA:152,0
DA:154,0
DA:155,0
LF:49
LH:1
BRDA:24,0,0,0
BRDA:24,0,1,0
BRDA:35,1,0,0
BRDA:35,1,1,0
BRDA:65,2,0,0
BRDA:65,2,1,0
BRDA:102,3,0,0
BRDA:102,3,1,0
BRDA:116,4,0,0
BRDA:116,4,1,0
BRDA:157,5,0,0
BRDA:157,5,1,0
BRF:12
BRH:0
end_of_record
TN:
SF:src\onboarding\controllers\index.js
FNF:0
FNH:0
LF:0
LH:0
BRF:0
BRH:0
end_of_record
TN:
SF:src\onboarding\routes\accountRoutes.js
FN:1,(anonymous_0)
FNF:1
FNH:1
FNDA:1,(anonymous_0)
DA:1,1
DA:2,1
DA:5,1
DA:6,1
DA:10,1
DA:25,1
DA:39,1
LF:7
LH:7
BRDA:5,0,0,1
BRDA:5,0,1,0
BRF:2
BRH:1
end_of_record
TN:
SF:src\onboarding\routes\clubRoutes.js
FN:1,(anonymous_0)
FNF:1
FNH:1
FNDA:1,(anonymous_0)
DA:1,1
DA:2,1
DA:5,1
DA:6,1
DA:10,1
DA:24,1
DA:68,1
DA:76,1
DA:84,1
DA:102,1
DA:116,1
DA:138,1
DA:152,1
LF:13
LH:13
BRDA:5,0,0,1
BRDA:5,0,1,0
BRF:2
BRH:1
end_of_record
TN:
SF:src\onboarding\routes\index.js
FN:16,(anonymous_0)
FNF:1
FNH:1
FNDA:1,(anonymous_0)
DA:16,1
DA:17,1
DA:20,1
DA:23,1
DA:24,1
DA:25,1
DA:26,1
DA:27,1
DA:30,1
DA:36,1
DA:42,1
DA:48,1
DA:54,1
LF:13
LH:13
BRF:0
BRH:0
end_of_record
TN:
SF:src\onboarding\routes\inviteRoutes.js
FN:1,(anonymous_0)
FNF:1
FNH:1
FNDA:1,(anonymous_0)
DA:1,1
DA:2,1
DA:5,1
DA:6,1
DA:10,1
DA:37,1
LF:6
LH:6
BRDA:5,0,0,1
BRDA:5,0,1,0
BRF:2
BRH:1
end_of_record
TN:
SF:src\onboarding\routes\onboardingRoutes.js
FN:1,(anonymous_0)
FNF:1
FNH:1
FNDA:1,(anonymous_0)
DA:1,1
DA:2,1
DA:5,1
DA:6,1
DA:10,1
DA:79,1
DA:87,1
DA:95,1
DA:103,1
DA:118,1
DA:138,1
DA:145,1
DA:153,1
LF:13
LH:13
BRDA:5,0,0,1
BRDA:5,0,1,0
BRF:2
BRH:1
end_of_record
TN:
SF:src\onboarding\routes\profileRoutes.js
FN:1,(anonymous_0)
FNF:1
FNH:1
FNDA:1,(anonymous_0)
DA:1,1
DA:2,1
DA:5,1
DA:6,1
DA:10,1
DA:49,1
DA:57,1
DA:65,1
DA:103,1
DA:111,1
DA:126,1
DA:134,1
LF:12
LH:12
BRDA:5,0,0,1
BRDA:5,0,1,0
BRF:2
BRH:1
end_of_record
TN:
SF:src\onboarding\services\AccountNumberService.js
FN:2,(anonymous_0)
FN:10,(anonymous_1)
FN:14,(anonymous_2)
FN:57,(anonymous_3)
FN:65,(anonymous_4)
FN:108,(anonymous_5)
FN:133,(anonymous_6)
FNF:7
FNH:1
FNDA:10,(anonymous_0)
FNDA:0,(anonymous_1)
FNDA:0,(anonymous_2)
FNDA:0,(anonymous_3)
FNDA:0,(anonymous_4)
FNDA:0,(anonymous_5)
FNDA:0,(anonymous_6)
DA:3,10
DA:11,0
DA:14,0
DA:16,0
DA:20,0
DA:22,0
DA:26,0
DA:29,0
DA:30,0
DA:33,0
DA:37,0
DA:42,0
DA:46,0
DA:47,0
DA:50,0
DA:58,0
DA:59,0
DA:66,0
DA:81,0
DA:82,0
DA:85,0
DA:109,0
DA:116,0
DA:117,0
DA:120,0
DA:133,0
LF:26
LH:1
BRDA:20,0,0,0
BRDA:20,0,1,0
BRDA:46,1,0,0
BRDA:46,1,1,0
BRDA:81,2,0,0
BRDA:81,2,1,0
BRDA:108,3,0,0
BRDA:116,4,0,0
BRDA:116,4,1,0
BRDA:135,5,0,0
BRDA:135,5,1,0
BRDA:135,6,0,0
BRDA:135,6,1,0
BRF:13
BRH:0
end_of_record
TN:
SF:src\onboarding\services\ClubService.js
FN:2,(anonymous_0)
FN:9,(anonymous_1)
FN:34,(anonymous_2)
FN:49,(anonymous_3)
FN:78,(anonymous_4)
FN:94,(anonymous_5)
FN:99,(anonymous_6)
FN:105,(anonymous_7)
FN:114,(anonymous_8)
FN:124,(anonymous_9)
FN:139,(anonymous_10)
FN:151,(anonymous_11)
FN:157,(anonymous_12)
FN:191,(anonymous_13)
FN:211,(anonymous_14)
FN:218,(anonymous_15)
FN:228,(anonymous_16)
FN:254,(anonymous_17)
FN:278,(anonymous_18)
FN:293,(anonymous_19)
FNF:20
FNH:1
FNDA:10,(anonymous_0)
FNDA:0,(anonymous_1)
FNDA:0,(anonymous_2)
FNDA:0,(anonymous_3)
FNDA:0,(anonymous_4)
FNDA:0,(anonymous_5)
FNDA:0,(anonymous_6)
FNDA:0,(anonymous_7)
FNDA:0,(anonymous_8)
FNDA:0,(anonymous_9)
FNDA:0,(anonymous_10)
FNDA:0,(anonymous_11)
FNDA:0,(anonymous_12)
FNDA:0,(anonymous_13)
FNDA:0,(anonymous_14)
FNDA:0,(anonymous_15)
FNDA:0,(anonymous_16)
FNDA:0,(anonymous_17)
FNDA:0,(anonymous_18)
FNDA:0,(anonymous_19)
DA:3,10
DA:10,0
DA:28,0
DA:35,0
DA:39,0
DA:40,0
DA:43,0
DA:51,0
DA:55,0
DA:56,0
DA:59,0
DA:60,0
DA:63,0
DA:78,0
DA:79,0
DA:80,0
DA:84,0
DA:88,0
DA:95,0
DA:99,0
DA:106,0
DA:114,0
DA:125,0
DA:133,0
DA:140,0
DA:145,0
DA:152,0
DA:156,0
DA:157,0
DA:158,0
DA:163,0
DA:164,0
DA:167,0
DA:168,0
DA:172,0
DA:173,0
DA:174,0
DA:176,0
DA:183,0
DA:187,0
DA:190,0
DA:191,0
DA:197,0
DA:212,0
DA:217,0
DA:218,0
DA:229,0
DA:234,0
DA:236,0
DA:237,0
DA:238,0
DA:239,0
DA:242,0
DA:248,0
DA:255,0
DA:279,0
DA:294,0
DA:299,0
LF:58
LH:1
BRDA:39,0,0,0
BRDA:39,0,1,0
BRDA:55,1,0,0
BRDA:55,1,1,0
BRDA:59,2,0,0
BRDA:59,2,1,0
BRDA:79,3,0,0
BRDA:79,3,1,0
BRDA:145,4,0,0
BRDA:145,4,1,0
BRDA:156,5,0,0
BRDA:156,5,1,0
BRDA:163,6,0,0
BRDA:163,6,1,0
BRDA:167,7,0,0
BRDA:167,7,1,0
BRDA:172,8,0,0
BRDA:172,8,1,0
BRDA:173,9,0,0
BRDA:173,9,1,0
BRDA:187,10,0,0
BRDA:187,10,1,0
BRDA:211,11,0,0
BRDA:238,12,0,0
BRDA:238,12,1,0
BRF:25
BRH:0
end_of_record
TN:
SF:src\onboarding\services\InviteCodeService.js
FN:2,(anonymous_0)
FN:10,(anonymous_1)
FN:38,(anonymous_2)
FN:102,(anonymous_3)
FN:129,(anonymous_4)
FN:158,(anonymous_5)
FN:169,(anonymous_6)
FN:175,(anonymous_7)
FN:200,(anonymous_8)
FN:212,(anonymous_9)
FNF:10
FNH:1
FNDA:10,(anonymous_0)
FNDA:0,(anonymous_1)
FNDA:0,(anonymous_2)
FNDA:0,(anonymous_3)
FNDA:0,(anonymous_4)
FNDA:0,(anonymous_5)
FNDA:0,(anonymous_6)
FNDA:0,(anonymous_7)
FNDA:0,(anonymous_8)
FNDA:0,(anonymous_9)
DA:3,10
DA:4,10
DA:12,0
DA:15,0
DA:16,0
DA:17,0
DA:20,0
DA:32,0
DA:39,0
DA:43,0
DA:44,0
DA:51,0
DA:52,0
DA:59,0
DA:60,0
DA:67,0
DA:68,0
DA:76,0
DA:77,0
DA:79,0
DA:103,0
DA:105,0
DA:106,0
DA:115,0
DA:117,0
DA:130,0
DA:132,0
DA:133,0
DA:137,0
DA:138,0
DA:139,0
DA:143,0
DA:148,0
DA:160,0
DA:161,0
DA:162,0
DA:165,0
DA:169,0
DA:176,0
DA:180,0
DA:181,0
DA:185,0
DA:186,0
DA:187,0
DA:190,0
DA:194,0
DA:201,0
DA:202,0
DA:203,0
DA:204,0
DA:206,0
DA:213,0
LF:52
LH:2
BRDA:10,0,0,0
BRDA:16,1,0,0
BRDA:16,1,1,0
BRDA:43,2,0,0
BRDA:43,2,1,0
BRDA:51,3,0,0
BRDA:51,3,1,0
BRDA:59,4,0,0
BRDA:59,4,1,0
BRDA:59,5,0,0
BRDA:59,5,1,0
BRDA:67,6,0,0
BRDA:67,6,1,0
BRDA:67,7,0,0
BRDA:67,7,1,0
BRDA:93,8,0,0
BRDA:93,8,1,0
BRDA:105,9,0,0
BRDA:105,9,1,0
BRDA:122,10,0,0
BRDA:122,10,1,0
BRDA:132,11,0,0
BRDA:132,11,1,0
BRDA:138,12,0,0
BRDA:138,12,1,0
BRDA:161,13,0,0
BRDA:161,13,1,0
BRDA:180,14,0,0
BRDA:180,14,1,0
BRDA:186,15,0,0
BRDA:186,15,1,0
BRF:31
BRH:0
end_of_record
TN:
SF:src\onboarding\services\OnboardingService.js
FN:9,(anonymous_0)
FN:22,(anonymous_1)
FN:37,(anonymous_2)
FN:53,(anonymous_3)
FN:60,(anonymous_4)
FN:67,(anonymous_5)
FN:79,(anonymous_6)
FN:87,(anonymous_7)
FN:99,(anonymous_8)
FN:107,(anonymous_9)
FN:119,(anonymous_10)
FN:127,(anonymous_11)
FN:140,(anonymous_12)
FN:148,(anonymous_13)
FN:160,(anonymous_14)
FN:168,(anonymous_15)
FN:175,(anonymous_16)
FN:189,(anonymous_17)
FN:196,(anonymous_18)
FN:203,(anonymous_19)
FN:214,(anonymous_20)
FN:225,(anonymous_21)
FN:233,(anonymous_22)
FN:240,(anonymous_23)
FN:247,(anonymous_24)
FN:261,(anonymous_25)
FN:278,(anonymous_26)
FN:285,(anonymous_27)
FN:293,(anonymous_28)
FNF:29
FNH:1
FNDA:5,(anonymous_0)
FNDA:0,(anonymous_1)
FNDA:0,(anonymous_2)
FNDA:0,(anonymous_3)
FNDA:0,(anonymous_4)
FNDA:0,(anonymous_5)
FNDA:0,(anonymous_6)
FNDA:0,(anonymous_7)
FNDA:0,(anonymous_8)
FNDA:0,(anonymous_9)
FNDA:0,(anonymous_10)
FNDA:0,(anonymous_11)
FNDA:0,(anonymous_12)
FNDA:0,(anonymous_13)
FNDA:0,(anonymous_14)
FNDA:0,(anonymous_15)
FNDA:0,(anonymous_16)
FNDA:0,(anonymous_17)
FNDA:0,(anonymous_18)
FNDA:0,(anonymous_19)
FNDA:0,(anonymous_20)
FNDA:0,(anonymous_21)
FNDA:0,(anonymous_22)
FNDA:0,(anonymous_23)
FNDA:0,(anonymous_24)
FNDA:0,(anonymous_25)
FNDA:0,(anonymous_26)
FNDA:0,(anonymous_27)
FNDA:0,(anonymous_28)
DA:10,5
DA:11,5
DA:12,5
DA:13,5
DA:14,5
DA:15,5
DA:16,5
DA:23,0
DA:24,0
DA:26,0
DA:38,0
DA:39,0
DA:41,0
DA:54,0
DA:61,0
DA:68,0
DA:69,0
DA:80,0
DA:81,0
DA:88,0
DA:89,0
DA:100,0
DA:101,0
DA:108,0
DA:109,0
DA:120,0
DA:121,0
DA:128,0
DA:129,0
DA:130,0
DA:141,0
DA:142,0
DA:149,0
DA:150,0
DA:161,0
DA:162,0
DA:169,0
DA:176,0
DA:177,0
DA:179,0
DA:190,0
DA:197,0
DA:204,0
DA:215,0
DA:216,0
DA:217,0
DA:219,0
DA:226,0
DA:227,0
DA:234,0
DA:241,0
DA:248,0
DA:249,0
DA:265,0
DA:267,0
DA:279,0
DA:286,0
DA:287,0
DA:294,0
LF:59
LH:7
BRDA:175,0,0,0
BRDA:216,1,0,0
BRDA:216,1,1,0
BRDA:225,2,0,0
BRDA:240,3,0,0
BRDA:261,4,0,0
BRDA:278,5,0,0
BRF:7
BRH:0
end_of_record
TN:
SF:src\onboarding\services\UserPreferencesService.js
FN:2,(anonymous_0)
FN:9,(anonymous_1)
FN:25,(anonymous_2)
FN:46,(anonymous_3)
FN:70,(anonymous_4)
FN:87,(anonymous_5)
FN:112,(anonymous_6)
FN:133,(anonymous_7)
FNF:8
FNH:1
FNDA:10,(anonymous_0)
FNDA:0,(anonymous_1)
FNDA:0,(anonymous_2)
FNDA:0,(anonymous_3)
FNDA:0,(anonymous_4)
FNDA:0,(anonymous_5)
FNDA:0,(anonymous_6)
FNDA:0,(anonymous_7)
DA:3,10
DA:10,0
DA:14,0
DA:16,0
DA:19,0
DA:26,0
DA:30,0
DA:46,0
DA:47,0
DA:48,0
DA:52,0
DA:53,0
DA:57,0
DA:64,0
DA:71,0
DA:73,0
DA:88,0
DA:105,0
DA:106,0
DA:113,0
DA:134,0
DA:139,0
LF:22
LH:1
BRDA:14,0,0,0
BRDA:14,0,1,0
BRDA:47,1,0,0
BRDA:47,1,1,0
BRDA:52,2,0,0
BRDA:52,2,1,0
BRDA:139,3,0,0
BRDA:139,3,1,0
BRF:8
BRH:0
end_of_record
TN:
SF:src\onboarding\services\UserProfileService.js
FN:2,(anonymous_0)
FN:9,(anonymous_1)
FN:25,(anonymous_2)
FN:51,(anonymous_3)
FN:77,(anonymous_4)
FN:88,(anonymous_5)
FN:92,(anonymous_6)
FN:98,(anonymous_7)
FN:113,(anonymous_8)
FN:114,(anonymous_9)
FN:134,(anonymous_10)
FN:151,(anonymous_11)
FN:172,(anonymous_12)
FNF:13
FNH:1
FNDA:10,(anonymous_0)
FNDA:0,(anonymous_1)
FNDA:0,(anonymous_2)
FNDA:0,(anonymous_3)
FNDA:0,(anonymous_4)
FNDA:0,(anonymous_5)
FNDA:0,(anonymous_6)
FNDA:0,(anonymous_7)
FNDA:0,(anonymous_8)
FNDA:0,(anonymous_9)
FNDA:0,(anonymous_10)
FNDA:0,(anonymous_11)
FNDA:0,(anonymous_12)
DA:3,10
DA:10,0
DA:14,0
DA:16,0
DA:19,0
DA:26,0
DA:31,0
DA:36,0
DA:51,0
DA:52,0
DA:53,0
DA:57,0
DA:58,0
DA:62,0
DA:64,0
DA:70,0
DA:78,0
DA:82,0
DA:89,0
DA:91,0
DA:92,0
DA:99,0
DA:101,0
DA:107,0
DA:113,0
DA:114,0
DA:116,0
DA:117,0
DA:119,0
DA:124,0
DA:135,0
DA:141,0
DA:152,0
DA:173,0
DA:174,0
LF:35
LH:1
BRDA:14,0,0,0
BRDA:14,0,1,0
BRDA:32,1,0,0
BRDA:32,1,1,0
BRDA:33,2,0,0
BRDA:33,2,1,0
BRDA:52,3,0,0
BRDA:52,3,1,0
BRDA:57,4,0,0
BRDA:57,4,1,0
BRDA:174,5,0,0
BRDA:174,5,1,0
BRF:12
BRH:0
end_of_record
TN:
SF:src\onboarding\services\UserRoleService.js
FN:8,(anonymous_0)
FN:20,(anonymous_1)
FN:21,(anonymous_2)
FN:109,(anonymous_3)
FN:134,(anonymous_4)
FN:147,(anonymous_5)
FN:149,(anonymous_6)
FN:171,(anonymous_7)
FN:211,(anonymous_8)
FN:222,(anonymous_9)
FN:242,(anonymous_10)
FN:243,(anonymous_11)
FN:285,(anonymous_12)
FN:305,(anonymous_13)
FN:319,(anonymous_14)
FN:336,(anonymous_15)
FN:360,(anonymous_16)
FN:363,(anonymous_17)
FN:382,(anonymous_18)
FN:393,(anonymous_19)
FN:402,(anonymous_20)
FN:411,(anonymous_21)
FN:453,(anonymous_22)
FNF:23
FNH:1
FNDA:5,(anonymous_0)
FNDA:0,(anonymous_1)
FNDA:0,(anonymous_2)
FNDA:0,(anonymous_3)
FNDA:0,(anonymous_4)
FNDA:0,(anonymous_5)
FNDA:0,(anonymous_6)
FNDA:0,(anonymous_7)
FNDA:0,(anonymous_8)
FNDA:0,(anonymous_9)
FNDA:0,(anonymous_10)
FNDA:0,(anonymous_11)
FNDA:0,(anonymous_12)
FNDA:0,(anonymous_13)
FNDA:0,(anonymous_14)
FNDA:0,(anonymous_15)
FNDA:0,(anonymous_16)
FNDA:0,(anonymous_17)
FNDA:0,(anonymous_18)
FNDA:0,(anonymous_19)
FNDA:0,(anonymous_20)
FNDA:0,(anonymous_21)
FNDA:0,(anonymous_22)
DA:9,5
DA:10,5
DA:11,5
DA:12,5
DA:13,5
DA:14,5
DA:21,0
DA:23,0
DA:26,0
DA:29,0
DA:30,0
DA:34,0
DA:35,0
DA:38,0
DA:41,0
DA:43,0
DA:44,0
DA:45,0
DA:47,0
DA:51,0
DA:55,0
DA:58,0
DA:68,0
DA:81,0
DA:82,0
DA:86,0
DA:87,0
DA:94,0
DA:95,0
DA:98,0
DA:102,0
DA:111,0
DA:115,0
DA:116,0
DA:120,0
DA:123,0
DA:134,0
DA:147,0
DA:148,0
DA:149,0
DA:150,0
DA:151,0
DA:154,0
DA:172,0
DA:173,0
DA:174,0
DA:177,0
DA:178,0
DA:179,0
DA:180,0
DA:183,0
DA:184,0
DA:185,0
DA:186,0
DA:187,0
DA:188,0
DA:189,0
DA:193,0
DA:199,0
DA:211,0
DA:224,0
DA:228,0
DA:229,0
DA:232,0
DA:236,0
DA:243,0
DA:245,0
DA:248,0
DA:249,0
DA:252,0
DA:255,0
DA:258,0
DA:259,0
DA:262,0
DA:265,0
DA:266,0
DA:267,0
DA:271,0
DA:272,0
DA:279,0
DA:286,0
DA:287,0
DA:306,0
DA:319,0
DA:337,0
DA:343,0
DA:344,0
DA:345,0
DA:348,0
DA:349,0
DA:350,0
DA:351,0
DA:352,0
DA:354,0
DA:355,0
DA:361,0
DA:364,0
DA:365,0
DA:367,0
DA:373,0
DA:374,0
DA:375,0
DA:377,0
DA:383,0
DA:385,0
DA:386,0
DA:387,0
DA:390,0
DA:394,0
DA:396,0
DA:397,0
DA:399,0
DA:403,0
DA:408,0
DA:412,0
DA:414,0
DA:415,0
DA:423,0
DA:424,0
DA:432,0
DA:433,0
DA:441,0
DA:442,0
DA:450,0
DA:454,0
DA:456,0
DA:457,0
DA:458,0
DA:460,0
LF:129
LH:6
BRDA:29,0,0,0
BRDA:29,0,1,0
BRDA:34,1,0,0
BRDA:34,1,1,0
BRDA:41,2,0,0
BRDA:41,2,1,0
BRDA:41,3,0,0
BRDA:41,3,1,0
BRDA:45,4,0,0
BRDA:45,4,1,0
BRDA:45,5,0,0
BRDA:45,5,1,0
BRDA:81,6,0,0
BRDA:81,6,1,0
BRDA:81,7,0,0
BRDA:81,7,1,0
BRDA:94,8,0,0
BRDA:94,8,1,0
BRDA:115,9,0,0
BRDA:115,9,1,0
BRDA:150,10,0,0
BRDA:150,10,1,0
BRDA:158,11,0,0
BRDA:158,11,1,0
BRDA:158,11,2,0
BRDA:178,12,0,0
BRDA:178,12,1,0
BRDA:179,13,0,0
BRDA:179,13,1,0
BRDA:184,14,0,0
BRDA:184,14,1,0
BRDA:184,15,0,0
BRDA:184,15,1,0
BRDA:186,16,0,0
BRDA:186,16,1,0
BRDA:186,17,0,0
BRDA:186,17,1,0
BRDA:186,17,2,0
BRDA:188,18,0,0
BRDA:188,18,1,0
BRDA:188,19,0,0
BRDA:188,19,1,0
BRDA:188,19,2,0
BRDA:228,20,0,0
BRDA:228,20,1,0
BRDA:242,21,0,0
BRDA:248,22,0,0
BRDA:248,22,1,0
BRDA:258,23,0,0
BRDA:258,23,1,0
BRDA:266,24,0,0
BRDA:266,24,1,0
BRDA:271,25,0,0
BRDA:271,25,1,0
BRDA:285,26,0,0
BRDA:289,27,0,0
BRDA:289,27,1,0
BRDA:291,28,0,0
BRDA:291,28,1,0
BRDA:292,29,0,0
BRDA:292,29,1,0
BRDA:293,30,0,0
BRDA:293,30,1,0
BRDA:294,31,0,0
BRDA:294,31,1,0
BRDA:295,32,0,0
BRDA:295,32,1,0
BRDA:323,33,0,0
BRDA:323,33,1,0
BRDA:324,34,0,0
BRDA:324,34,1,0
BRDA:325,35,0,0
BRDA:325,35,1,0
BRDA:344,36,0,0
BRDA:344,36,1,0
BRDA:354,37,0,0
BRDA:354,37,1,0
BRDA:364,38,0,0
BRDA:364,38,1,0
BRDA:373,39,0,0
BRDA:373,39,1,0
BRDA:374,40,0,0
BRDA:374,40,1,0
BRDA:385,41,0,0
BRDA:385,41,1,0
BRDA:385,42,0,0
BRDA:385,42,1,0
BRDA:396,43,0,0
BRDA:396,43,1,0
BRDA:397,44,0,0
BRDA:397,44,1,0
BRDA:414,45,0,0
BRDA:414,45,1,0
BRDA:423,46,0,0
BRDA:423,46,1,0
BRDA:432,47,0,0
BRDA:432,47,1,0
BRDA:441,48,0,0
BRDA:441,48,1,0
BRDA:441,49,0,0
BRDA:441,49,1,0
BRDA:441,49,2,0
BRDA:456,50,0,0
BRDA:456,50,1,0
BRDA:457,51,0,0
BRDA:457,51,1,0
BRDA:458,52,0,0
BRDA:458,52,1,0
BRF:108
BRH:0
end_of_record
TN:
SF:src\onboarding\services\index.js
FNF:0
FNH:0
LF:0
LH:0
BRF:0
BRH:0
end_of_record
TN:
SF:src\services\emailService.js
FN:5,(anonymous_0)
FN:10,(anonymous_1)
FN:18,(anonymous_2)
FN:24,(anonymous_3)
FN:154,(anonymous_4)
FN:161,(anonymous_5)
FN:216,(anonymous_6)
FN:289,(anonymous_7)
FNF:8
FNH:1
FNDA:1,(anonymous_0)
FNDA:0,(anonymous_1)
FNDA:0,(anonymous_2)
FNDA:0,(anonymous_3)
FNDA:0,(anonymous_4)
FNDA:0,(anonymous_5)
FNDA:0,(anonymous_6)
FNDA:0,(anonymous_7)
DA:6,1
DA:7,1
DA:11,0
DA:13,0
DA:16,0
DA:17,0
DA:18,0
DA:24,0
DA:26,0
DA:27,0
DA:28,0
DA:32,0
DA:33,0
DA:40,0
DA:41,0
DA:54,0
DA:55,0
DA:67,0
DA:69,0
DA:84,0
DA:90,0
DA:91,0
DA:92,0
DA:93,0
DA:94,0
DA:95,0
DA:96,0
DA:99,0
DA:100,0
DA:115,0
DA:121,0
DA:122,0
DA:123,0
DA:124,0
DA:125,0
DA:126,0
DA:127,0
DA:128,0
DA:129,0
DA:130,0
DA:135,0
DA:136,0
DA:137,0
DA:140,0
DA:142,0
DA:144,0
DA:145,0
DA:146,0
DA:148,0
DA:155,0
DA:156,0
DA:158,0
DA:162,0
DA:165,0
DA:166,0
DA:167,0
DA:168,0
DA:169,0
DA:170,0
DA:171,0
DA:172,0
DA:175,0
DA:176,0
DA:184,0
DA:187,0
DA:188,0
DA:189,0
DA:190,0
DA:191,0
DA:192,0
DA:193,0
DA:194,0
DA:196,0
DA:197,0
DA:198,0
DA:199,0
DA:200,0
DA:201,0
DA:203,0
DA:206,0
DA:211,0
DA:212,0
DA:217,0
DA:219,0
DA:220,0
DA:234,0
DA:286,0
DA:290,0
DA:292,0
DA:293,0
DA:307,0
DA:371,0
DA:376,1
LF:93
LH:3
BRDA:11,0,0,0
BRDA:11,0,1,0
BRDA:16,1,0,0
BRDA:16,1,1,0
BRDA:16,2,0,0
BRDA:16,2,1,0
BRDA:32,3,0,0
BRDA:32,3,1,0
BRDA:40,4,0,0
BRDA:40,4,1,0
BRDA:54,5,0,0
BRDA:54,5,1,0
BRDA:67,6,0,0
BRDA:67,6,1,0
BRDA:67,7,0,0
BRDA:67,7,1,0
BRDA:135,8,0,0
BRDA:135,8,1,0
BRDA:144,9,0,0
BRDA:144,9,1,0
BRDA:155,10,0,0
BRDA:155,10,1,0
BRDA:165,11,0,0
BRDA:165,11,1,0
BRDA:188,12,0,0
BRDA:188,12,1,0
BRDA:196,13,0,0
BRDA:196,13,1,0
BRDA:216,14,0,0
BRDA:289,15,0,0
BRF:30
BRH:0
end_of_record
TN:
SF:src\test\setup.js
FN:11,createTestApp
FN:34,cleanDatabase
FN:72,recreateTestDatabase
FNF:3
FNH:2
FNDA:1,createTestApp
FNDA:19,cleanDatabase
FNDA:0,recreateTestDatabase
DA:9,1
DA:12,1
DA:15,1
DA:21,1
DA:24,1
DA:29,1
DA:31,1
DA:35,19
DA:39,19
DA:40,0
DA:41,0
DA:42,0
DA:43,0
DA:44,0
DA:45,0
DA:46,0
DA:49,0
DA:50,0
DA:53,0
DA:54,0
DA:55,0
DA:56,0
DA:57,0
DA:58,0
DA:59,0
DA:60,0
DA:66,19
DA:73,0
DA:78,0
DA:84,0
DA:87,0
DA:89,0
DA:91,0
DA:94,0
DA:101,0
DA:104,0
DA:105,0
DA:108,0
DA:109,0
DA:115,0
DA:116,0
DA:117,0
DA:118,0
DA:119,0
DA:121,0
DA:122,0
LF:46
LH:10
BRDA:9,0,0,1
BRDA:9,0,1,0
BRDA:17,1,0,1
BRDA:17,1,1,1
BRDA:53,2,0,0
BRDA:53,2,1,0
BRDA:75,3,0,0
BRDA:75,3,1,0
BRDA:80,4,0,0
BRDA:80,4,1,0
BRDA:108,5,0,0
BRDA:108,5,1,0
BRDA:121,6,0,0
BRDA:121,6,1,0
BRF:14
BRH:3
end_of_record
